{
  "RSpec": {
    "coverage": {
      "C:/Users/redux/Epicodus/Week11/specialty_foods/app/channels/application_cable/channel.rb": {
        "lines": [
          1,
          1,
          null,
          null
        ]
      },
      "C:/Users/redux/Epicodus/Week11/specialty_foods/app/channels/application_cable/connection.rb": {
        "lines": [
          1,
          1,
          null,
          null
        ]
      },
      "C:/Users/redux/Epicodus/Week11/specialty_foods/app/controllers/application_controller.rb": {
        "lines": [
          1,
          1,
          1,
          null,
          1,
          427,
          422,
          null,
          null,
          null,
          1,
          32,
          1,
          1,
          null,
          null,
          null,
          1,
          30,
          0,
          0,
          30,
          2,
          2,
          null,
          null,
          null
        ]
      },
      "C:/Users/redux/Epicodus/Week11/specialty_foods/app/helpers/application_helper.rb": {
        "lines": [
          1,
          null
        ]
      },
      "C:/Users/redux/Epicodus/Week11/specialty_foods/app/controllers/products_controller.rb": {
        "lines": [
          1,
          1,
          1,
          null,
          1,
          20,
          20,
          20,
          null,
          null,
          1,
          20,
          20,
          null,
          null,
          1,
          10,
          10,
          10,
          null,
          null,
          1,
          10,
          10,
          9,
          9,
          null,
          1,
          null,
          null,
          null,
          1,
          2,
          2,
          2,
          null,
          null,
          1,
          14,
          14,
          null,
          null,
          1,
          2,
          2,
          1,
          1,
          null,
          1,
          null,
          null,
          null,
          1,
          2,
          2,
          2,
          2,
          null,
          null,
          1,
          1,
          12,
          null,
          null
        ]
      },
      "C:/Users/redux/Epicodus/Week11/specialty_foods/app/controllers/reviews_controller.rb": {
        "lines": [
          1,
          1,
          1,
          null,
          1,
          5,
          5,
          5,
          null,
          null,
          1,
          5,
          5,
          5,
          4,
          4,
          null,
          1,
          null,
          null,
          null,
          1,
          4,
          4,
          4,
          null,
          null,
          1,
          2,
          2,
          2,
          null,
          null,
          1,
          2,
          2,
          1,
          1,
          null,
          1,
          1,
          null,
          null,
          null,
          1,
          1,
          1,
          1,
          1,
          null,
          null,
          1,
          1,
          7,
          null,
          null
        ]
      },
      "C:/Users/redux/Epicodus/Week11/specialty_foods/app/controllers/sessions_controller.rb": {
        "lines": [
          1,
          1,
          4,
          4,
          3,
          3,
          3,
          null,
          1,
          1,
          null,
          null,
          null,
          1,
          4,
          4,
          4,
          null,
          null
        ]
      },
      "C:/Users/redux/Epicodus/Week11/specialty_foods/app/controllers/users_controller.rb": {
        "lines": [
          1,
          1,
          1,
          null,
          1,
          18,
          null,
          null,
          1,
          15,
          15,
          13,
          13,
          13,
          null,
          2,
          2,
          null,
          null,
          null,
          1,
          1,
          15,
          null,
          null
        ]
      },
      "C:/Users/redux/Epicodus/Week11/specialty_foods/app/jobs/application_job.rb": {
        "lines": [
          1,
          null
        ]
      },
      "C:/Users/redux/Epicodus/Week11/specialty_foods/app/mailers/application_mailer.rb": {
        "lines": [
          1,
          1,
          1,
          null
        ]
      },
      "C:/Users/redux/Epicodus/Week11/specialty_foods/app/models/ability.rb": {
        "lines": [
          null,
          null,
          1,
          1,
          null,
          1,
          0,
          0,
          0,
          0,
          0,
          0,
          null,
          null,
          null,
          null,
          null,
          null,
          null,
          null,
          null,
          null,
          null,
          null,
          null,
          null,
          null,
          null,
          null,
          null,
          null,
          null,
          null,
          null,
          null,
          null,
          null,
          null,
          null,
          null,
          null
        ]
      },
      "C:/Users/redux/Epicodus/Week11/specialty_foods/app/models/application_record.rb": {
        "lines": [
          1,
          1,
          null
        ]
      },
      "C:/Users/redux/Epicodus/Week11/specialty_foods/app/models/product.rb": {
        "lines": [
          1,
          1,
          1,
          1,
          1,
          null,
          1,
          null,
          21,
          null,
          21,
          null,
          null,
          1,
          20,
          null,
          null,
          null,
          null,
          null,
          null,
          1,
          1,
          10,
          10,
          null,
          null
        ]
      },
      "C:/Users/redux/Epicodus/Week11/specialty_foods/app/models/review.rb": {
        "lines": [
          1,
          1,
          null,
          1,
          1,
          1,
          1,
          null,
          1,
          null,
          1,
          1,
          5,
          null,
          null
        ]
      },
      "C:/Users/redux/Epicodus/Week11/specialty_foods/app/models/user.rb": {
        "lines": [
          1,
          1,
          1,
          1,
          1,
          null,
          1,
          null,
          null,
          null,
          null,
          null,
          null,
          null,
          1,
          null,
          1,
          null,
          1,
          13,
          13,
          null,
          null,
          1,
          4,
          4,
          3,
          null,
          null,
          null,
          null,
          null,
          1,
          null,
          1,
          13,
          null,
          null
        ]
      }
    },
    "timestamp": 1629658634
  }
}
